<?xml version="1.0" encoding="UTF-8"?>
<testsuite xmlns:xsi="http://www.w3.org/2001/XMLSchema-instance" xsi:noNamespaceSchemaLocation="https://maven.apache.org/surefire/maven-surefire-plugin/xsd/surefire-test-report-3.0.xsd" version="3.0" name="com.beginsecure.domain.ProgTest" time="0.668" tests="6" errors="0" skipped="0" failures="0">
  <properties>
[...]
</properties>
  <testcase name="testPerformance" classname="com.beginsecure.domain.ProgTest" time="0.548"/>
  <testcase name="test_mult" classname="com.beginsecure.domain.ProgTest" time="0.004"/>
  <testcase name="test_max" classname="com.beginsecure.domain.ProgTest" time="0.003"/>
  <testcase name="test_min" classname="com.beginsecure.domain.ProgTest" time="0.002"/>
  <testcase name="test_sum" classname="com.beginsecure.domain.ProgTest" time="0.003"/>
  <testcase name="testMemory" classname="com.beginsecure.domain.ProgTest" time="0.053"/>
</testsuite>